<?xml version="1.0" encoding="UTF-8"?>
<!-- Generated by org.testng.reporters.JUnitReportReporter -->
<testsuite skipped="0" hostname="Priyanka-PC" name="com.testpractice.test2" tests="3" failures="0" timestamp="04 Apr 2020 08:51:12 GMT" time="20.189" errors="0">
  <testcase name="tc_001" time="7.882" classname="com.testpractice.test2"/>
  <testcase name="tc_002" time="6.586" classname="com.testpractice.test2"/>
  <testcase name="tc_011" time="5.721" classname="com.testpractice.test2"/>
</testsuite> <!-- com.testpractice.test2 -->
