<?xml version="1.0" encoding="UTF-8"?>
<!-- Generated by org.testng.reporters.JUnitReportReporter -->
<testsuite skipped="0" hostname="Priyanka-PC" name="com.keywordframework.tests.test1" tests="3" failures="0" timestamp="03 Apr 2020 16:41:15 GMT" time="34.136" errors="0">
  <testcase name="tc_001" time="17.983" classname="com.keywordframework.tests.test1"/>
  <testcase name="tc_002" time="16.145" classname="com.keywordframework.tests.test1"/>
  <testcase name="tc_003" time="0.008" classname="com.keywordframework.tests.test1"/>
</testsuite> <!-- com.keywordframework.tests.test1 -->
